==============================================================================
Test 1                                                                        
==============================================================================
Test 1.Test if                                                                
==============================================================================
TC01: To Verify Open Doppee Website                                   1
Finish Loop
2
Finish Loop
4
Finish Loop
| PASS |
------------------------------------------------------------------------------
Test 1.Test if                                                        | PASS |
1 test, 1 passed, 0 failed
==============================================================================
Test 1                                                                | PASS |
1 test, 1 passed, 0 failed
==============================================================================
Output:  C:\Users\voraprot.s\OneDrive - doppiotech.com\Desktop\Automate2025\Test_1\pabot_results\2\output.xml
